2017-06-12 13:33:58.446 [restartedMain] INFO  AnnotationConfigEmbeddedWebApplicationContext[AbstractApplicationContext.java:582] - Refreshing org.springframework.boot.context.embedded.AnnotationConfigEmbeddedWebApplicationContext@27de3994: startup date [Mon Jun 12 13:33:58 CST 2017]; root of context hierarchy
 2017-06-12 13:33:59.760 [restartedMain] INFO  TomcatEmbeddedServletContainer[TomcatEmbeddedServletContainer.java:89] - Tomcat initialized with port(s): 80 (http)
 2017-06-12 13:33:59.770 [restartedMain] INFO  StandardService[DirectJDKLog.java:179] - Starting service Tomcat
 2017-06-12 13:33:59.772 [restartedMain] INFO  StandardEngine[DirectJDKLog.java:179] - Starting Servlet Engine: Apache Tomcat/8.5.14
 2017-06-12 13:33:59.836 [localhost-startStop-1] INFO  [/][DirectJDKLog.java:179] - Initializing Spring embedded WebApplicationContext
 2017-06-12 13:33:59.836 [localhost-startStop-1] INFO  ContextLoader[EmbeddedWebApplicationContext.java:276] - Root WebApplicationContext: initialization completed in 1390 ms
 2017-06-12 13:33:59.973 [localhost-startStop-1] INFO  ServletRegistrationBean[ServletRegistrationBean.java:190] - Mapping servlet: 'dispatcherServlet' to [/]
 2017-06-12 13:33:59.977 [localhost-startStop-1] INFO  FilterRegistrationBean[AbstractFilterRegistrationBean.java:258] - Mapping filter: 'characterEncodingFilter' to: [/*]
 2017-06-12 13:33:59.977 [localhost-startStop-1] INFO  FilterRegistrationBean[AbstractFilterRegistrationBean.java:258] - Mapping filter: 'hiddenHttpMethodFilter' to: [/*]
 2017-06-12 13:33:59.978 [localhost-startStop-1] INFO  FilterRegistrationBean[AbstractFilterRegistrationBean.java:258] - Mapping filter: 'httpPutFormContentFilter' to: [/*]
 2017-06-12 13:33:59.978 [localhost-startStop-1] INFO  FilterRegistrationBean[AbstractFilterRegistrationBean.java:258] - Mapping filter: 'requestContextFilter' to: [/*]
 2017-06-12 13:34:00.010 [restartedMain] WARN  AnnotationConfigEmbeddedWebApplicationContext[AbstractApplicationContext.java:550] - Exception encountered during context initialization - cancelling refresh attempt: org.springframework.beans.factory.UnsatisfiedDependencyException: Error creating bean with name 'carsController': Unsatisfied dependency expressed through field 'carsService'; nested exception is org.springframework.beans.factory.NoSuchBeanDefinitionException: No qualifying bean of type 'com.john.springBootFirst.cars.service.CarsService' available: expected at least 1 bean which qualifies as autowire candidate. Dependency annotations: {@org.springframework.beans.factory.annotation.Autowired(required=true)}
 2017-06-12 13:34:00.012 [restartedMain] INFO  StandardService[DirectJDKLog.java:179] - Stopping service Tomcat
 2017-06-12 13:34:00.024 [restartedMain] INFO  AutoConfigurationReportLoggingInitializer[AutoConfigurationReportLoggingInitializer.java:101] - 

Error starting ApplicationContext. To display the auto-configuration report re-run your application with 'debug' enabled.
 2017-06-12 13:34:00.227 [restartedMain] ERROR LoggingFailureAnalysisReporter[LoggingFailureAnalysisReporter.java:42] - 

***************************
APPLICATION FAILED TO START
***************************

Description:

Field carsService in com.john.springBootFirst.cars.controller.CarsController required a bean of type 'com.john.springBootFirst.cars.service.CarsService' that could not be found.


Action:

Consider defining a bean of type 'com.john.springBootFirst.cars.service.CarsService' in your configuration.

 2017-06-12 13:35:35.803 [restartedMain] INFO  AnnotationConfigEmbeddedWebApplicationContext[AbstractApplicationContext.java:582] - Refreshing org.springframework.boot.context.embedded.AnnotationConfigEmbeddedWebApplicationContext@67c12a1: startup date [Mon Jun 12 13:35:35 CST 2017]; root of context hierarchy
 2017-06-12 13:35:37.066 [restartedMain] INFO  TomcatEmbeddedServletContainer[TomcatEmbeddedServletContainer.java:89] - Tomcat initialized with port(s): 80 (http)
 2017-06-12 13:35:37.076 [restartedMain] INFO  StandardService[DirectJDKLog.java:179] - Starting service Tomcat
 2017-06-12 13:35:37.077 [restartedMain] INFO  StandardEngine[DirectJDKLog.java:179] - Starting Servlet Engine: Apache Tomcat/8.5.14
 2017-06-12 13:35:37.141 [localhost-startStop-1] INFO  [/][DirectJDKLog.java:179] - Initializing Spring embedded WebApplicationContext
 2017-06-12 13:35:37.141 [localhost-startStop-1] INFO  ContextLoader[EmbeddedWebApplicationContext.java:276] - Root WebApplicationContext: initialization completed in 1338 ms
 2017-06-12 13:35:37.275 [localhost-startStop-1] INFO  ServletRegistrationBean[ServletRegistrationBean.java:190] - Mapping servlet: 'dispatcherServlet' to [/]
 2017-06-12 13:35:37.278 [localhost-startStop-1] INFO  FilterRegistrationBean[AbstractFilterRegistrationBean.java:258] - Mapping filter: 'characterEncodingFilter' to: [/*]
 2017-06-12 13:35:37.279 [localhost-startStop-1] INFO  FilterRegistrationBean[AbstractFilterRegistrationBean.java:258] - Mapping filter: 'hiddenHttpMethodFilter' to: [/*]
 2017-06-12 13:35:37.279 [localhost-startStop-1] INFO  FilterRegistrationBean[AbstractFilterRegistrationBean.java:258] - Mapping filter: 'httpPutFormContentFilter' to: [/*]
 2017-06-12 13:35:37.279 [localhost-startStop-1] INFO  FilterRegistrationBean[AbstractFilterRegistrationBean.java:258] - Mapping filter: 'requestContextFilter' to: [/*]
 2017-06-12 13:35:37.613 [restartedMain] INFO  RequestMappingHandlerAdapter[RequestMappingHandlerAdapter.java:534] - Looking for @ControllerAdvice: org.springframework.boot.context.embedded.AnnotationConfigEmbeddedWebApplicationContext@67c12a1: startup date [Mon Jun 12 13:35:35 CST 2017]; root of context hierarchy
 2017-06-12 13:35:37.667 [restartedMain] INFO  RequestMappingHandlerMapping[AbstractHandlerMethodMapping.java:543] - Mapped "{[/cars/list]}" onto public java.lang.String com.john.springBootFirst.cars.controller.CarsController.list()
 2017-06-12 13:35:37.669 [restartedMain] INFO  RequestMappingHandlerMapping[AbstractHandlerMethodMapping.java:543] - Mapped "{[/user/log]}" onto public java.lang.String com.john.springBootFirst.user.controller.UserController.log()
 2017-06-12 13:35:37.670 [restartedMain] INFO  RequestMappingHandlerMapping[AbstractHandlerMethodMapping.java:543] - Mapped "{[/user/list]}" onto public java.lang.String com.john.springBootFirst.user.controller.UserController.list()
 2017-06-12 13:35:37.672 [restartedMain] INFO  RequestMappingHandlerMapping[AbstractHandlerMethodMapping.java:543] - Mapped "{[/error]}" onto public org.springframework.http.ResponseEntity<java.util.Map<java.lang.String, java.lang.Object>> org.springframework.boot.autoconfigure.web.BasicErrorController.error(javax.servlet.http.HttpServletRequest)
 2017-06-12 13:35:37.673 [restartedMain] INFO  RequestMappingHandlerMapping[AbstractHandlerMethodMapping.java:543] - Mapped "{[/error],produces=[text/html]}" onto public org.springframework.web.servlet.ModelAndView org.springframework.boot.autoconfigure.web.BasicErrorController.errorHtml(javax.servlet.http.HttpServletRequest,javax.servlet.http.HttpServletResponse)
 2017-06-12 13:35:37.700 [restartedMain] INFO  SimpleUrlHandlerMapping[AbstractUrlHandlerMapping.java:362] - Mapped URL path [/webjars/**] onto handler of type [class org.springframework.web.servlet.resource.ResourceHttpRequestHandler]
 2017-06-12 13:35:37.700 [restartedMain] INFO  SimpleUrlHandlerMapping[AbstractUrlHandlerMapping.java:362] - Mapped URL path [/**] onto handler of type [class org.springframework.web.servlet.resource.ResourceHttpRequestHandler]
 2017-06-12 13:35:37.740 [restartedMain] INFO  SimpleUrlHandlerMapping[AbstractUrlHandlerMapping.java:362] - Mapped URL path [/**/favicon.ico] onto handler of type [class org.springframework.web.servlet.resource.ResourceHttpRequestHandler]
 2017-06-12 13:35:37.854 [restartedMain] INFO  OptionalLiveReloadServer[OptionalLiveReloadServer.java:58] - LiveReload server is running on port 35729
 2017-06-12 13:35:37.946 [restartedMain] INFO  AnnotationMBeanExporter[MBeanExporter.java:431] - Registering beans for JMX exposure on startup
 2017-06-12 13:35:37.992 [restartedMain] INFO  TomcatEmbeddedServletContainer[TomcatEmbeddedServletContainer.java:198] - Tomcat started on port(s): 80 (http)
 2017-06-12 13:35:50.625 [http-nio-80-exec-1] INFO  [/][DirectJDKLog.java:179] - Initializing Spring FrameworkServlet 'dispatcherServlet'
 2017-06-12 13:35:50.626 [http-nio-80-exec-1] INFO  DispatcherServlet[FrameworkServlet.java:489] - FrameworkServlet 'dispatcherServlet': initialization started
 2017-06-12 13:35:50.644 [http-nio-80-exec-1] INFO  DispatcherServlet[FrameworkServlet.java:508] - FrameworkServlet 'dispatcherServlet': initialization completed in 18 ms
 2017-06-12 13:36:43.177 [restartedMain] INFO  AnnotationConfigEmbeddedWebApplicationContext[AbstractApplicationContext.java:582] - Refreshing org.springframework.boot.context.embedded.AnnotationConfigEmbeddedWebApplicationContext@610d0828: startup date [Mon Jun 12 13:36:43 CST 2017]; root of context hierarchy
 2017-06-12 13:36:44.419 [restartedMain] INFO  TomcatEmbeddedServletContainer[TomcatEmbeddedServletContainer.java:89] - Tomcat initialized with port(s): 80 (http)
 2017-06-12 13:36:44.428 [restartedMain] INFO  StandardService[DirectJDKLog.java:179] - Starting service Tomcat
 2017-06-12 13:36:44.430 [restartedMain] INFO  StandardEngine[DirectJDKLog.java:179] - Starting Servlet Engine: Apache Tomcat/8.5.14
 2017-06-12 13:36:44.491 [localhost-startStop-1] INFO  [/][DirectJDKLog.java:179] - Initializing Spring embedded WebApplicationContext
 2017-06-12 13:36:44.492 [localhost-startStop-1] INFO  ContextLoader[EmbeddedWebApplicationContext.java:276] - Root WebApplicationContext: initialization completed in 1314 ms
 2017-06-12 13:36:44.620 [localhost-startStop-1] INFO  ServletRegistrationBean[ServletRegistrationBean.java:190] - Mapping servlet: 'dispatcherServlet' to [/]
 2017-06-12 13:36:44.623 [localhost-startStop-1] INFO  FilterRegistrationBean[AbstractFilterRegistrationBean.java:258] - Mapping filter: 'characterEncodingFilter' to: [/*]
 2017-06-12 13:36:44.624 [localhost-startStop-1] INFO  FilterRegistrationBean[AbstractFilterRegistrationBean.java:258] - Mapping filter: 'hiddenHttpMethodFilter' to: [/*]
 2017-06-12 13:36:44.624 [localhost-startStop-1] INFO  FilterRegistrationBean[AbstractFilterRegistrationBean.java:258] - Mapping filter: 'httpPutFormContentFilter' to: [/*]
 2017-06-12 13:36:44.624 [localhost-startStop-1] INFO  FilterRegistrationBean[AbstractFilterRegistrationBean.java:258] - Mapping filter: 'requestContextFilter' to: [/*]
 2017-06-12 13:36:44.946 [restartedMain] INFO  RequestMappingHandlerAdapter[RequestMappingHandlerAdapter.java:534] - Looking for @ControllerAdvice: org.springframework.boot.context.embedded.AnnotationConfigEmbeddedWebApplicationContext@610d0828: startup date [Mon Jun 12 13:36:43 CST 2017]; root of context hierarchy
 2017-06-12 13:36:45.000 [restartedMain] INFO  RequestMappingHandlerMapping[AbstractHandlerMethodMapping.java:543] - Mapped "{[/cars/list]}" onto public java.lang.String com.john.springBootFirst.cars.controller.CarsController.list()
 2017-06-12 13:36:45.002 [restartedMain] INFO  RequestMappingHandlerMapping[AbstractHandlerMethodMapping.java:543] - Mapped "{[/user/log]}" onto public java.lang.String com.john.springBootFirst.user.controller.UserController.log()
 2017-06-12 13:36:45.002 [restartedMain] INFO  RequestMappingHandlerMapping[AbstractHandlerMethodMapping.java:543] - Mapped "{[/user/list]}" onto public java.lang.String com.john.springBootFirst.user.controller.UserController.list()
 2017-06-12 13:36:45.005 [restartedMain] INFO  RequestMappingHandlerMapping[AbstractHandlerMethodMapping.java:543] - Mapped "{[/error]}" onto public org.springframework.http.ResponseEntity<java.util.Map<java.lang.String, java.lang.Object>> org.springframework.boot.autoconfigure.web.BasicErrorController.error(javax.servlet.http.HttpServletRequest)
 2017-06-12 13:36:45.005 [restartedMain] INFO  RequestMappingHandlerMapping[AbstractHandlerMethodMapping.java:543] - Mapped "{[/error],produces=[text/html]}" onto public org.springframework.web.servlet.ModelAndView org.springframework.boot.autoconfigure.web.BasicErrorController.errorHtml(javax.servlet.http.HttpServletRequest,javax.servlet.http.HttpServletResponse)
 2017-06-12 13:36:45.029 [restartedMain] INFO  SimpleUrlHandlerMapping[AbstractUrlHandlerMapping.java:362] - Mapped URL path [/webjars/**] onto handler of type [class org.springframework.web.servlet.resource.ResourceHttpRequestHandler]
 2017-06-12 13:36:45.029 [restartedMain] INFO  SimpleUrlHandlerMapping[AbstractUrlHandlerMapping.java:362] - Mapped URL path [/**] onto handler of type [class org.springframework.web.servlet.resource.ResourceHttpRequestHandler]
 2017-06-12 13:36:45.064 [restartedMain] INFO  SimpleUrlHandlerMapping[AbstractUrlHandlerMapping.java:362] - Mapped URL path [/**/favicon.ico] onto handler of type [class org.springframework.web.servlet.resource.ResourceHttpRequestHandler]
 2017-06-12 13:36:45.179 [restartedMain] INFO  OptionalLiveReloadServer[OptionalLiveReloadServer.java:58] - LiveReload server is running on port 35729
 2017-06-12 13:36:45.281 [restartedMain] INFO  AnnotationMBeanExporter[MBeanExporter.java:431] - Registering beans for JMX exposure on startup
 2017-06-12 13:36:45.330 [restartedMain] INFO  TomcatEmbeddedServletContainer[TomcatEmbeddedServletContainer.java:198] - Tomcat started on port(s): 80 (http)
 2017-06-12 13:37:03.822 [http-nio-80-exec-1] INFO  [/][DirectJDKLog.java:179] - Initializing Spring FrameworkServlet 'dispatcherServlet'
 2017-06-12 13:37:03.823 [http-nio-80-exec-1] INFO  DispatcherServlet[FrameworkServlet.java:489] - FrameworkServlet 'dispatcherServlet': initialization started
 2017-06-12 13:37:03.839 [http-nio-80-exec-1] INFO  DispatcherServlet[FrameworkServlet.java:508] - FrameworkServlet 'dispatcherServlet': initialization completed in 16 ms
 